[    0.000000] Initializing cgroup subsys cpuset
[    0.000000] Initializing cgroup subsys cpu
[    0.000000] Initializing cgroup subsys cpuacct
[    0.000000] Linux version 4.4.0-176-generic (buildd@lgw01-amd64-035) (gcc version 5.4.0 20160609 (Ubuntu 5.4.0-6ubuntu1~16.04.12) ) #206-Ubuntu SMP Fri Feb 28 05:02:04 UTC 2020 (Ubuntu 4.4.0-176.206-generic 4.4.211)
[    0.000000] Command line: BOOT_IMAGE=/boot/vmlinuz-4.4.0-176-generic root=LABEL=cloudimg-rootfs ro console=tty1 console=ttyS0
[    0.000000] KERNEL supported cpus:
[    0.000000]   Intel GenuineIntel
[    0.000000]   AMD AuthenticAMD
[    0.000000]   Centaur CentaurHauls
[    0.000000] x86/fpu: xstate_offset[2]:  576, xstate_sizes[2]:  256
[    0.000000] x86/fpu: Supporting XSAVE feature 0x01: 'x87 floating point registers'
[    0.000000] x86/fpu: Supporting XSAVE feature 0x02: 'SSE registers'
[    0.000000] x86/fpu: Supporting XSAVE feature 0x04: 'AVX registers'
[    0.000000] x86/fpu: Enabled xstate features 0x7, context size is 832 bytes, using 'standard' format.
[    0.000000] e820: BIOS-provided physical RAM map:
[    0.000000] BIOS-e820: [mem 0x0000000000000000-0x000000000009fbff] usable
[    0.000000] BIOS-e820: [mem 0x000000000009fc00-0x000000000009ffff] reserved
[    0.000000] BIOS-e820: [mem 0x00000000000f0000-0x00000000000fffff] reserved
[    0.000000] BIOS-e820: [mem 0x0000000000100000-0x000000003ffeffff] usable
[    0.000000] BIOS-e820: [mem 0x000000003fff0000-0x000000003fffffff] ACPI data
[    0.000000] BIOS-e820: [mem 0x00000000fec00000-0x00000000fec00fff] reserved
[    0.000000] BIOS-e820: [mem 0x00000000fee00000-0x00000000fee00fff] reserved
[    0.000000] BIOS-e820: [mem 0x00000000fffc0000-0x00000000ffffffff] reserved
[    0.000000] NX (Execute Disable) protection: active
[    0.000000] SMBIOS 2.5 present.
[    0.000000] Hypervisor detected: KVM
[    0.000000] e820: last_pfn = 0x3fff0 max_arch_pfn = 0x400000000
[    0.000000] MTRR: Disabled
[    0.000000] x86/PAT: MTRRs disabled, skipping PAT initialization too.
[    0.000000] CPU MTRRs all blank - virtualized system.
[    0.000000] x86/PAT: Configuration [0-7]: WB  WT  UC- UC  WB  WT  UC- UC  
[    0.000000] found SMP MP-table at [mem 0x0009fff0-0x0009ffff] mapped at [ffff88000009fff0]
[    0.000000] Scanning 1 areas for low memory corruption
[    0.000000] RAMDISK: [mem 0x362e2000-0x37168fff]
[    0.000000] ACPI: Early table checksum verification disabled
[    0.000000] ACPI: RSDP 0x00000000000E0000 000024 (v02 VBOX  )
[    0.000000] ACPI: XSDT 0x000000003FFF0030 00003C (v01 VBOX   VBOXXSDT 00000001 ASL  00000061)
[    0.000000] ACPI: FACP 0x000000003FFF00F0 0000F4 (v04 VBOX   VBOXFACP 00000001 ASL  00000061)
[    0.000000] ACPI: DSDT 0x000000003FFF0470 0022EA (v02 VBOX   VBOXBIOS 00000002 INTL 20100528)
[    0.000000] ACPI: FACS 0x000000003FFF0200 000040
[    0.000000] ACPI: FACS 0x000000003FFF0200 000040
[    0.000000] ACPI: APIC 0x000000003FFF0240 00005C (v02 VBOX   VBOXAPIC 00000001 ASL  00000061)
[    0.000000] ACPI: SSDT 0x000000003FFF02A0 0001CC (v01 VBOX   VBOXCPUT 00000002 INTL 20100528)
[    0.000000] No NUMA configuration found
[    0.000000] Faking a node at [mem 0x0000000000000000-0x000000003ffeffff]
[    0.000000] NODE_DATA(0) allocated [mem 0x3ffeb000-0x3ffeffff]
[    0.000000] kvm-clock: Using msrs 4b564d01 and 4b564d00
[    0.000000] kvm-clock: cpu 0, msr 0:3ffe3001, primary cpu clock
[    0.000000] kvm-clock: using sched offset of 3503288336 cycles
[    0.000000] clocksource: kvm-clock: mask: 0xffffffffffffffff max_cycles: 0x1cd42e4dffb, max_idle_ns: 881590591483 ns
[    0.000000] Zone ranges:
[    0.000000]   DMA      [mem 0x0000000000001000-0x0000000000ffffff]
[    0.000000]   DMA32    [mem 0x0000000001000000-0x000000003ffeffff]
[    0.000000]   Normal   empty
[    0.000000]   Device   empty
[    0.000000] Movable zone start for each node
[    0.000000] Early memory node ranges
[    0.000000]   node   0: [mem 0x0000000000001000-0x000000000009efff]
[    0.000000]   node   0: [mem 0x0000000000100000-0x000000003ffeffff]
[    0.000000] Initmem setup node 0 [mem 0x0000000000001000-0x000000003ffeffff]
[    0.000000] ACPI: PM-Timer IO Port: 0x4008
[    0.000000] IOAPIC[0]: apic_id 2, version 32, address 0xfec00000, GSI 0-23
[    0.000000] ACPI: INT_SRC_OVR (bus 0 bus_irq 0 global_irq 2 dfl dfl)
[    0.000000] ACPI: INT_SRC_OVR (bus 0 bus_irq 9 global_irq 9 low level)
[    0.000000] Using ACPI (MADT) for SMP configuration information
[    0.000000] smpboot: Allowing 2 CPUs, 0 hotplug CPUs
[    0.000000] PM: Registered nosave memory: [mem 0x00000000-0x00000fff]
[    0.000000] PM: Registered nosave memory: [mem 0x0009f000-0x0009ffff]
[    0.000000] PM: Registered nosave memory: [mem 0x000a0000-0x000effff]
[    0.000000] PM: Registered nosave memory: [mem 0x000f0000-0x000fffff]
[    0.000000] e820: [mem 0x40000000-0xfebfffff] available for PCI devices
[    0.000000] Booting paravirtualized kernel on KVM
[    0.000000] clocksource: refined-jiffies: mask: 0xffffffff max_cycles: 0xffffffff, max_idle_ns: 7645519600211568 ns
[    0.000000] setup_percpu: NR_CPUS:512 nr_cpumask_bits:512 nr_cpu_ids:2 nr_node_ids:1
[    0.000000] PERCPU: Embedded 33 pages/cpu @ffff88003fc00000 s95448 r8192 d31528 u1048576
[    0.000000] Built 1 zonelists in Node order, mobility grouping on.  Total pages: 257912
[    0.000000] Policy zone: DMA32
[    0.000000] Kernel command line: BOOT_IMAGE=/boot/vmlinuz-4.4.0-176-generic root=LABEL=cloudimg-rootfs ro console=tty1 console=ttyS0
[    0.000000] PID hash table entries: 4096 (order: 3, 32768 bytes)
[    0.000000] Memory: 997676K/1048120K available (8626K kernel code, 1336K rwdata, 4032K rodata, 1488K init, 1292K bss, 50444K reserved, 0K cma-reserved)
[    0.000000] SLUB: HWalign=64, Order=0-3, MinObjects=0, CPUs=2, Nodes=1
[    0.000000] Kernel/User page tables isolation: enabled
[    0.000000] Hierarchical RCU implementation.
[    0.000000] 	Build-time adjustment of leaf fanout to 64.
[    0.000000] 	RCU restricting CPUs from NR_CPUS=512 to nr_cpu_ids=2.
[    0.000000] RCU: Adjusting geometry for rcu_fanout_leaf=64, nr_cpu_ids=2
[    0.000000] NR_IRQS:33024 nr_irqs:440 16
[    0.000000] Console: colour VGA+ 80x25
[    0.000000] console [tty1] enabled
[    0.000000] console [ttyS0] enabled
[    0.000000] tsc: Detected 2494.226 MHz processor
[    0.137770] Calibrating delay loop (skipped) preset value.. 4988.45 BogoMIPS (lpj=9976904)
[    0.139472] pid_max: default: 32768 minimum: 301
[    0.140387] ACPI: Core revision 20150930
[    0.141941] ACPI: 2 ACPI AML tables successfully acquired and loaded
[    0.143296] Security Framework initialized
[    0.144171] Yama: becoming mindful.
[    0.144927] AppArmor: AppArmor initialized
[    0.145853] Dentry cache hash table entries: 131072 (order: 8, 1048576 bytes)
[    0.148517] Inode-cache hash table entries: 65536 (order: 7, 524288 bytes)
[    0.149923] Mount-cache hash table entries: 2048 (order: 2, 16384 bytes)
[    0.151169] Mountpoint-cache hash table entries: 2048 (order: 2, 16384 bytes)
[    0.152598] Initializing cgroup subsys io
[    0.153486] Initializing cgroup subsys memory
[    0.154385] Initializing cgroup subsys devices
[    0.155272] Initializing cgroup subsys freezer
[    0.156158] Initializing cgroup subsys net_cls
[    0.157077] Initializing cgroup subsys perf_event
[    0.158039] Initializing cgroup subsys net_prio
[    0.158960] Initializing cgroup subsys hugetlb
[    0.159845] Initializing cgroup subsys pids
[    0.161509] mce: CPU supports 0 MCE banks
[    0.162378] Last level iTLB entries: 4KB 1024, 2MB 1024, 4MB 1024
[    0.163514] Last level dTLB entries: 4KB 1024, 2MB 1024, 4MB 1024, 1GB 4
[    0.164765] Spectre V1 : Mitigation: usercopy/swapgs barriers and __user pointer sanitization
[    0.166593] Spectre V2 : Mitigation: Full generic retpoline
[    0.167661] Spectre V2 : Spectre v2 / SpectreRSB mitigation: Filling RSB on context switch
[    0.169325] Speculative Store Bypass: Vulnerable
[    0.170304] MDS: Mitigation: Clear CPU buffers
[    0.173446] Freeing SMP alternatives memory: 36K
[    0.179436] ftrace: allocating 32305 entries in 127 pages
[    0.228960] smpboot: APIC(0) Converting physical 0 to logical package 0
[    0.230255] smpboot: Max logical packages: 1
[    0.231363] x2apic enabled
[    0.232180] Switched APIC routing to physical x2apic.
[    0.234210] ..TIMER: vector=0x30 apic1=0 pin1=2 apic2=-1 pin2=-1
[    0.343446] smpboot: CPU0: Intel(R) Core(TM) i7-4870HQ CPU @ 2.50GHz (family: 0x6, model: 0x46, stepping: 0x1)
[    0.345712] Performance Events: unsupported p6 CPU model 70 no PMU driver, software events only.
[    0.357114] KVM setup paravirtual spinlock
[    0.358603] x86: Booting SMP configuration:
[    0.359525] .... node  #0, CPUs:      #1
[    0.360520] kvm-clock: cpu 1, msr 0:3ffe3041, secondary cpu clock
[    0.362241] mce: CPU supports 0 MCE banks
[    0.364859] x86: Booted up 1 node, 2 CPUs
[    0.365911] smpboot: Total of 2 processors activated (9976.90 BogoMIPS)
[    0.367569] devtmpfs: initialized
[    0.369365] evm: security.selinux
[    0.370097] evm: security.SMACK64
[    0.370846] evm: security.SMACK64EXEC
[    0.371620] evm: security.SMACK64TRANSMUTE
[    0.372557] evm: security.SMACK64MMAP
[    0.373386] evm: security.ima
[    0.374114] evm: security.capability
[    0.375140] clocksource: jiffies: mask: 0xffffffff max_cycles: 0xffffffff, max_idle_ns: 7645041785100000 ns
[    0.377109] futex hash table entries: 512 (order: 3, 32768 bytes)
[    0.378460] pinctrl core: initialized pinctrl subsystem
[    0.379636] RTC time: 21:19:52, date: 03/31/20
[    0.380689] NET: Registered protocol family 16
[    0.392056] cpuidle: using governor ladder
[    0.404759] cpuidle: using governor menu
[    0.405959] PCCT header not found.
[    0.406982] ACPI: bus type PCI registered
[    0.408119] acpiphp: ACPI Hot Plug PCI Controller Driver version: 0.5
[    0.409662] PCI: Using configuration type 1 for base access
[    0.425454] ACPI: Added _OSI(Module Device)
[    0.426597] ACPI: Added _OSI(Processor Device)
[    0.427814] ACPI: Added _OSI(3.0 _SCP Extensions)
[    0.428919] ACPI: Added _OSI(Processor Aggregator Device)
[    0.430839] ACPI: Executed 1 blocks of module-level executable AML code
[    0.434100] ACPI: Interpreter enabled
[    0.434892] ACPI: (supports S0 S5)
[    0.435766] ACPI: Using IOAPIC for interrupt routing
[    0.436853] PCI: Using host bridge windows from ACPI; if necessary, use "pci=nocrs" and report a bug
[    0.442625] ACPI: PCI Root Bridge [PCI0] (domain 0000 [bus 00-ff])
[    0.443907] acpi PNP0A03:00: _OSC: OS supports [ASPM ClockPM Segments MSI]
[    0.445439] acpi PNP0A03:00: _OSC: not requesting OS control; OS requires [ExtendedConfig ASPM ClockPM MSI]
[    0.447302] acpi PNP0A03:00: fail to add MMCONFIG information, can't access extended PCI configuration space under this bridge.
[    0.449807] PCI host bridge to bus 0000:00
[    0.450661] pci_bus 0000:00: root bus resource [io  0x0000-0x0cf7 window]
[    0.452086] pci_bus 0000:00: root bus resource [io  0x0d00-0xffff window]
[    0.453444] pci_bus 0000:00: root bus resource [mem 0x000a0000-0x000bffff window]
[    0.455171] pci_bus 0000:00: root bus resource [mem 0x40000000-0xfdffffff window]
[    0.456792] pci_bus 0000:00: root bus resource [bus 00-ff]
[    0.460178] pci 0000:00:01.1: legacy IDE quirk: reg 0x10: [io  0x01f0-0x01f7]
[    0.461532] pci 0000:00:01.1: legacy IDE quirk: reg 0x14: [io  0x03f6]
[    0.462782] pci 0000:00:01.1: legacy IDE quirk: reg 0x18: [io  0x0170-0x0177]
[    0.464176] pci 0000:00:01.1: legacy IDE quirk: reg 0x1c: [io  0x0376]
[    0.486641] pci 0000:00:07.0: quirk: [io  0x4000-0x403f] claimed by PIIX4 ACPI
[    0.488280] pci 0000:00:07.0: quirk: [io  0x4100-0x410f] claimed by PIIX4 SMB
[    0.494915] ACPI: PCI Interrupt Link [LNKA] (IRQs 5 9 10 *11)
[    0.496738] ACPI: PCI Interrupt Link [LNKB] (IRQs 5 9 *10 11)
[    0.498463] ACPI: PCI Interrupt Link [LNKC] (IRQs 5 *9 10 11)
[    0.500139] ACPI: PCI Interrupt Link [LNKD] (IRQs 5 9 10 *11)
[    0.501855] ACPI: Enabled 2 GPEs in block 00 to 07
[    0.503314] vgaarb: setting as boot device: PCI:0000:00:02.0
[    0.504615] vgaarb: device added: PCI:0000:00:02.0,decodes=io+mem,owns=io+mem,locks=none
[    0.506297] vgaarb: loaded
[    0.506925] vgaarb: bridge control possible 0000:00:02.0
[    0.508251] SCSI subsystem initialized
[    0.509236] ACPI: bus type USB registered
[    0.510105] usbcore: registered new interface driver usbfs
[    0.511167] usbcore: registered new interface driver hub
[    0.512296] usbcore: registered new device driver usb
[    0.513693] PCI: Using ACPI for IRQ routing
[    0.514879] NetLabel: Initializing
[    0.515634] NetLabel:  domain hash size = 128
[    0.516583] NetLabel:  protocols = UNLABELED CIPSOv4
[    0.518936] NetLabel:  unlabeled traffic allowed by default
[    0.520259] amd_nb: Cannot enumerate AMD northbridges
[    0.521394] clocksource: Switched to clocksource kvm-clock
[    0.529670] AppArmor: AppArmor Filesystem Enabled
[    0.530748] pnp: PnP ACPI init
[    0.532601] pnp: PnP ACPI: found 3 devices
[    0.542830] clocksource: acpi_pm: mask: 0xffffff max_cycles: 0xffffff, max_idle_ns: 2085701024 ns
[    0.544900] NET: Registered protocol family 2
[    0.546023] TCP established hash table entries: 8192 (order: 4, 65536 bytes)
[    0.547360] TCP bind hash table entries: 8192 (order: 5, 131072 bytes)
[    0.548608] TCP: Hash tables configured (established 8192 bind 8192)
[    0.549880] UDP hash table entries: 512 (order: 2, 16384 bytes)
[    0.550997] UDP-Lite hash table entries: 512 (order: 2, 16384 bytes)
[    0.552218] NET: Registered protocol family 1
[    0.553114] pci 0000:00:00.0: Limiting direct PCI/PCI transfers
[    0.554346] pci 0000:00:01.0: Activating ISA DMA hang workarounds
[    0.555620] Unpacking initramfs...
[    0.736858] Freeing initrd memory: 14876K
[    0.737967] clocksource: tsc: mask: 0xffffffffffffffff max_cycles: 0x23f3eb3743e, max_idle_ns: 440795257847 ns
[    0.739900] platform rtc_cmos: registered platform RTC device (no PNP device found)
[    0.741499] Scanning for low memory corruption every 60 seconds
[    0.743370] audit: initializing netlink subsys (disabled)
[    0.744472] audit: type=2000 audit(1585689598.109:1): initialized
[    0.745883] Initialise system trusted keyring
[    0.746977] HugeTLB registered 2 MB page size, pre-allocated 0 pages
[    0.749182] zbud: loaded
[    0.750354] VFS: Disk quotas dquot_6.6.0
[    0.751237] VFS: Dquot-cache hash table entries: 512 (order 0, 4096 bytes)
[    0.752913] squashfs: version 4.0 (2009/01/31) Phillip Lougher
[    0.754620] fuse init (API version 7.23)
[    0.755718] Key type big_key registered
[    0.756541] Allocating IMA MOK and blacklist keyrings.
[    0.759626] Key type asymmetric registered
[    0.760517] Asymmetric key parser 'x509' registered
[    0.761580] Block layer SCSI generic (bsg) driver version 0.4 loaded (major 249)
[    0.763199] io scheduler noop registered
[    0.764064] io scheduler deadline registered (default)
[    0.765132] io scheduler cfq registered
[    0.766095] pci_hotplug: PCI Hot Plug PCI Core version: 0.5
[    0.767231] pciehp: PCI Express Hot Plug Controller Driver version: 0.4
[    0.768857] ACPI: AC Adapter [AC] (on-line)
[    0.769854] input: Power Button as /devices/LNXSYSTM:00/LNXPWRBN:00/input/input0
[    0.771453] ACPI: Power Button [PWRF]
[    0.772336] input: Sleep Button as /devices/LNXSYSTM:00/LNXSLPBN:00/input/input1
[    0.773955] ACPI: Sleep Button [SLPF]
[    0.774916] GHES: HEST is not enabled!
[    0.775824] ACPI: Battery Slot [BAT0] (battery present)
[    0.777102] Serial: 8250/16550 driver, 32 ports, IRQ sharing enabled
[    0.799023] 00:02: ttyS0 at I/O 0x3f8 (irq = 4, base_baud = 115200) is a 16550A
[    0.804134] Linux agpgart interface v0.103
[    0.806707] loop: module loaded
[    0.807934] scsi host0: ata_piix
[    0.808783] scsi host1: ata_piix
[    0.809559] ata1: PATA max UDMA/33 cmd 0x1f0 ctl 0x3f6 bmdma 0xd000 irq 14
[    0.810897] ata2: PATA max UDMA/33 cmd 0x170 ctl 0x376 bmdma 0xd008 irq 15
[    0.812321] libphy: Fixed MDIO Bus: probed
[    0.813265] tun: Universal TUN/TAP device driver, 1.6
[    0.814359] tun: (C) 1999-2004 Max Krasnyansky <maxk@qualcomm.com>
[    0.815648] PPP generic driver version 2.4.2
[    0.816633] ehci_hcd: USB 2.0 'Enhanced' Host Controller (EHCI) Driver
[    0.817997] ehci-pci: EHCI PCI platform driver
[    0.818940] ehci-platform: EHCI generic platform driver
[    0.820022] ohci_hcd: USB 1.1 'Open' Host Controller (OHCI) Driver
[    0.821228] ohci-pci: OHCI PCI platform driver
[    0.822222] ohci-platform: OHCI generic platform driver
[    0.823269] uhci_hcd: USB Universal Host Controller Interface driver
[    0.824544] i8042: PNP: PS/2 Controller [PNP0303:PS2K,PNP0f03:PS2M] at 0x60,0x64 irq 1,12
[    0.826686] serio: i8042 KBD port at 0x60,0x64 irq 1
[    0.827937] serio: i8042 AUX port at 0x60,0x64 irq 12
[    0.829228] mousedev: PS/2 mouse device common for all mice
[    0.830794] input: AT Translated Set 2 keyboard as /devices/platform/i8042/serio0/input/input2
[    0.833166] rtc_cmos rtc_cmos: rtc core: registered rtc_cmos as rtc0
[    0.834530] rtc_cmos rtc_cmos: alarms up to one day, 114 bytes nvram
[    0.835734] i2c /dev entries driver
[    0.836514] device-mapper: uevent: version 1.0.3
[    0.837557] device-mapper: ioctl: 4.34.0-ioctl (2015-10-28) initialised: dm-devel@redhat.com
[    0.839226] ledtrig-cpu: registered to indicate activity on CPUs
[    0.840817] NET: Registered protocol family 10
[    0.842022] NET: Registered protocol family 17
[    0.842948] Key type dns_resolver registered
[    0.844572] registered taskstats version 1
[    0.845430] Loading compiled-in X.509 certificates
[    0.846950] Loaded X.509 cert 'Build time autogenerated kernel key: c2b7431ed9258328a3a0cf301f850647788d8e61'
[    0.848862] zswap: loaded using pool lzo/zbud
[    0.851912] Key type trusted registered
[    0.856578] Key type encrypted registered
[    0.857450] AppArmor: AppArmor sha1 policy hashing enabled
[    0.858564] ima: No TPM chip found, activating TPM-bypass!
[    0.859605] ima: Allocated hash algorithm: sha1
[    0.860534] evm: HMAC attrs: 0x1
[    0.861747]   Magic number: 12:810:349
[    0.862661] rtc_cmos rtc_cmos: setting system clock to 2020-03-31 21:19:53 UTC (1585689593)
[    0.864570] BIOS EDD facility v0.16 2004-Jun-25, 0 devices found
[    0.865753] EDD information not available.
[    0.971847] Freeing unused kernel memory: 1488K
[    0.973496] Write protecting the kernel read-only data: 14336k
[    0.975507] Freeing unused kernel memory: 1604K
[    0.976740] Freeing unused kernel memory: 64K
Loading, please wait...
starting version 229
[    0.990361] random: systemd-udevd: uninitialized urandom read (16 bytes read, 2 bits of entropy available)
[    0.990953] random: udevadm: uninitialized urandom read (16 bytes read, 2 bits of entropy available)
[    0.990968] random: udevadm: uninitialized urandom read (16 bytes read, 2 bits of entropy available)
[    0.996068] random: systemd-udevd: uninitialized urandom read (16 bytes read, 2 bits of entropy available)
[    0.997105] random: udevadm: uninitialized urandom read (16 bytes read, 2 bits of entropy available)
[    0.997139] random: udevadm: uninitialized urandom read (16 bytes read, 2 bits of entropy available)
[    0.997245] random: udevadm: uninitialized urandom read (16 bytes read, 2 bits of entropy available)
[    0.997283] random: udevadm: uninitialized urandom read (16 bytes read, 2 bits of entropy available)
[    0.997320] random: udevadm: uninitialized urandom read (16 bytes read, 2 bits of entropy available)
[    0.997359] random: udevadm: uninitialized urandom read (16 bytes read, 2 bits of entropy available)
[    1.032380] Fusion MPT base driver 3.04.20
[    1.033561] Copyright (c) 1999-2008 LSI Corporation
[    1.034818] e1000: Intel(R) PRO/1000 Network Driver - version 7.3.21-k8-NAPI
[    1.037033] e1000: Copyright (c) 1999-2006 Intel Corporation.
[    1.041807] Fusion MPT SPI Host driver 3.04.20
[    1.067180] AVX2 version of gcm_enc/dec engaged.
[    1.068654] AES CTR mode by8 optimization enabled
[    1.254643] input: ImExPS/2 Generic Explorer Mouse as /devices/platform/i8042/serio1/input/input4
[    1.439107] e1000 0000:00:03.0 eth0: (PCI:33MHz:32-bit) 02:38:f8:91:fa:5a
[    1.440427] e1000 0000:00:03.0 eth0: Intel(R) PRO/1000 Network Connection
[    1.442555] mptbase: ioc0: Initiating bringup
[    1.443109] e1000 0000:00:03.0 enp0s3: renamed from eth0
[    1.511080] ioc0: LSI53C1030 A0: Capabilities={Initiator}
[    1.679187] scsi host2: ioc0: LSI53C1030 A0, FwRev=00000000h, Ports=1, MaxQ=256, IRQ=20
[    1.798662] scsi 2:0:0:0: Direct-Access     VBOX     HARDDISK         1.0  PQ: 0 ANSI: 5
[    1.802206] scsi target2:0:0: Beginning Domain Validation
[    1.805788] scsi target2:0:0: Domain Validation skipping write tests
[    1.807815] scsi target2:0:0: Ending Domain Validation
[    1.809090] scsi target2:0:0: asynchronous
[    1.810779] scsi 2:0:1:0: Direct-Access     VBOX     HARDDISK         1.0  PQ: 0 ANSI: 5
[    1.812483] scsi target2:0:1: Beginning Domain Validation
[    1.815740] scsi target2:0:1: Domain Validation skipping write tests
[    1.816933] scsi target2:0:1: Ending Domain Validation
[    1.818144] scsi target2:0:1: asynchronous
[    1.833804] sd 2:0:0:0: [sda] 20971520 512-byte logical blocks: (10.7 GB/10.0 GiB)
[    1.833943] sd 2:0:0:0: Attached scsi generic sg0 type 0
[    1.834093] sd 2:0:1:0: Attached scsi generic sg1 type 0
[    1.834467] sd 2:0:1:0: [sdb] 20480 512-byte logical blocks: (10.5 MB/10.0 MiB)
[    1.834707] sd 2:0:1:0: [sdb] Write Protect is off
[    1.834817] sd 2:0:1:0: [sdb] Incomplete mode parameter data
[    1.834818] sd 2:0:1:0: [sdb] Assuming drive cache: write through
[    1.836527] sd 2:0:1:0: [sdb] Attached SCSI disk
[    1.844155] sd 2:0:0:0: [sda] Write Protect is off
[    1.845287] sd 2:0:0:0: [sda] Incomplete mode parameter data
[    1.846453] sd 2:0:0:0: [sda] Assuming drive cache: write through
[    1.850972]  sda: sda1
[    1.853075] sd 2:0:0:0: [sda] Attached SCSI disk
Begin: Loading essential drivers ... [    3.131430] md: linear personality registered for level -1
[    3.134929] md: multipath personality registered for level -4
[    3.138277] md: raid0 personality registered for level 0
[    3.143134] md: raid1 personality registered for level 1
[    3.213412] raid6: sse2x1   gen() 11042 MB/s
[    3.281571] raid6: sse2x1   xor()  8233 MB/s
[    3.349654] raid6: sse2x2   gen() 14375 MB/s
[    3.417540] raid6: sse2x2   xor()  9647 MB/s
[    3.485642] raid6: sse2x4   gen() 16619 MB/s
[    3.553550] raid6: sse2x4   xor() 10517 MB/s
[    3.621619] raid6: avx2x1   gen() 21177 MB/s
[    3.689664] raid6: avx2x2   gen() 25555 MB/s
[    3.757683] raid6: avx2x4   gen() 29568 MB/s
[    3.758577] raid6: using algorithm avx2x4 gen() 29568 MB/s
[    3.759624] raid6: using avx2x2 recovery algorithm
[    3.762070] xor: automatically using best checksumming function:
[    3.802000]    avx       : 53854.000 MB/sec
[    3.804051] async_tx: api initialized (async)
[    3.815319] md: raid6 personality registered for level 6
[    3.816419] md: raid5 personality registered for level 5
[    3.817456] md: raid4 personality registered for level 4
[    3.824409] md: raid10 personality registered for level 10
done.
Begin: Running /scripts/init-premount ... done.
Begin: Mounting root file system ... Begin: Running /scripts/local-top ... done.
Begin: Running /scripts/local-premount ... [    3.851478] Btrfs loaded
Scanning for Btrfs filesystems
done.
Warning: fsck not present, so skipping root file system
[    3.878260] EXT4-fs (sda1): mounted filesystem with ordered data mode. Opts: (null)
done.
Begin: Running /scripts/local-bottom ... done.
Begin: Running /scripts/init-bottom ... done.
[    3.959485] systemd[1]: systemd 229 running in system mode. (+PAM +AUDIT +SELINUX +IMA +APPARMOR +SMACK +SYSVINIT +UTMP +LIBCRYPTSETUP +GCRYPT +GNUTLS +ACL +XZ -LZ4 +SECCOMP +BLKID +ELFUTILS +KMOD -IDN)
[    3.963032] systemd[1]: Detected virtualization oracle.
[    3.964098] systemd[1]: Detected architecture x86-64.

Welcome to [1mUbuntu 16.04.6 LTS[0m!

[    3.971083] systemd[1]: Set hostname to <ubuntu>.
[    3.973919] systemd[1]: Initializing machine ID from random generator.
[    3.975298] systemd[1]: Installed transient /etc/machine-id file.
[    4.092300] systemd[1]: Listening on Journal Socket.
[[0;32m  OK  [0m] Listening on Journal Socket.
[    4.102412] systemd[1]: Listening on LVM2 poll daemon socket.
[[0;32m  OK  [0m] Listening on LVM2 poll daemon socket.
[    4.114836] systemd[1]: Created slice User and Session Slice.
[[0;32m  OK  [0m] Created slice User and Session Slice.
[    4.117812] systemd[1]: Listening on udev Control Socket.
[[0;32m  OK  [0m] Listening on udev Control Socket.
[    4.126618] systemd[1]: Listening on Device-mapper event daemon FIFOs.
[[0;32m  OK  [0m] Listening on Device-mapper event daemon FIFOs.
[    4.130376] systemd[1]: Created slice System Slice.
[[0;32m  OK  [0m] Created slice System Slice.
[    4.138576] systemd[1]: Reached target Slices.
[[0;32m  OK  [0m] Reached target Slices.
[    4.157936] systemd[1]: Mounting POSIX Message Queue File System...
         Mounting POSIX Message Queue File System...
[    4.170612] systemd[1]: Listening on Journal Socket (/dev/log).
[[0;32m  OK  [0m] Listening on Journal Socket (/dev/log).
[    4.182495] systemd[1]: Set up automount Arbitrary Executable File Formats File System Automount Point.
[[0;32m  OK  [0m] Set up automount Arbitrary Executab...ats File System Automount Point.
[    4.186876] systemd[1]: Reached target User and Group Name Lookups.
[[0;32m  OK  [0m] Reached target User and Group Name Lookups.
[    4.189586] systemd[1]: Reached target System Time Synchronized.
[[0;32m  OK  [0m] Reached target System Time Synchronized.
[    4.209977] systemd[1]: Starting Nameserver information manager...
         Starting Nameserver information manager...
[    4.214283] systemd[1]: Starting Set console keymap...
         Starting Set console keymap...
[    4.216927] systemd[1]: Listening on Syslog Socket.
[[0;32m  OK  [0m] Listening on Syslog Socket.
[    4.226736] systemd[1]: Starting Uncomplicated firewall...
         Starting Uncomplicated firewall...
[    4.229844] systemd[1]: Starting Remount Root and Kernel File Systems...
         Starting Remount Root and Kernel File Systems...
[    4.232254] systemd[1]: Reached target Encrypted Volumes.
[[0;32m  OK  [0m] Reached target Encrypted Volumes.
[    4.235622] systemd[1]: Listening on Journal Audit Socket.
[[0;32m  OK  [0m] Listening on Journal Audit Socket.
[
   4.237619] EXT4-fs (sda1): re-mounted. Opts: (null)
[    4.238225] systemd[1]: Starting Create list of required static device nodes for the current kernel...
         Starting Create list of required st... nodes for the current kernel...
[    4.241826] systemd[1]: Listening on /dev/initctl Compatibility Named Pipe.
[[0;32m  OK  [0m] Listening on /dev/initctl Compatibility Named Pipe.
[    4.244130] systemd[1]: Listening on LVM2 metadata daemon socket.
[[0;32m  OK  [0m] Listening on LVM2 metadata daemon socket.
[    4.254646] systemd[1]: Starting Monitoring of LVM2 mirrors, snapshots etc. using dmeventd or progress polling...
         Starting Monitoring of LVM2 mirrors... dmeventd or progress polling...
[    4.266681] systemd[1]: Started Trigger resolvconf update for networkd DNS.
[[0;32m  OK  [0m] Started Trigger resolvconf update for networkd DNS.
[    4.285595] systemd[1]: Starting Journal Service...
         Starting Journal Service...
[    4.288718] systemd[1]: Created slice system-serial\x2dgetty.slice.
[[0;32m  OK  [0m] Created slice system-serial\x2dgetty.slice.
[    4.291355] systemd[1]: Listening on udev Kernel Socket.
[[0;32m  OK  [0m] Listening on udev Kernel Socket.
[    4.298053] systemd[1]: Started Forward Password Requests to Wall Directory Watch.
[[0;32m  OK  [0m] Started Forward Password Requests to Wall Directory Watch.
[    4.302385] systemd[1]: Starting Load Kernel Modules...
         Starting Load Kernel Modules...
[    4.306355] systemd[1]: Mounting Huge Pages File System...
         Mounting Huge Pages File System...
[    4.309883] systemd[1]: Mounting Debug File System...
         Mounting Debug File System...
[    4.312759] systemd[1]: Reached target Swap.
[[0;32m  OK  [0m] Reached target Swap.
[    4.317661] systemd[1]: Mounted Debug File System.
[    4.319175] Loading iSCSI transport class v2.0-870.
[[0;32m  OK  [0m] Mounted Debug File System.
[    4.321391] systemd[1]: Mounted Huge Pages File System.
[[0;32m  OK  [0m] Mounted Huge Pages File System.
[    4.328055] iscsi: registered transport (tcp)
[    4.329895] systemd[1]: Mounted POSIX Message Queue File System.
[[0;32m  OK  [0m] Mounted POSIX Message Queue File System.
[    4.333224] systemd[1]: Started Journal Service.
[[0;32m  OK  [0m] Started Journal Service.
[[0;32m  OK  [0m] Started Set console keymap.
[[0;32m  OK  [0m] Started Uncomplicated firewall.
[[0;32m  OK  [0m] Started Remount Root and Kernel File Systems.
[[0;32m  OK  [0m] Started Create list of required sta...ce nodes for the current kernel.
[    4.357085] iscsi: registered transport (iser)
[[0;32m  OK  [0m] Started Nameserver information manager.
[[0;32m  OK  [0m] Started Load Kernel Modules.
[[0;32m  OK  [0m] Started LVM2 metadata daemon.
         Mounting FUSE Control File System...
         Starting Apply Kernel Variables...
         Starting Create Static Device Nodes in /dev...
         Starting udev Coldplug all Devices...
         Starting Load/Save Random Seed...
         Starting Flush Journal to Persistent Storage...
[[0;32m  OK  [0m] Mounted FUSE Control File System.
[[0;32m  OK  [0m] Started Apply Kernel Variables.
[[0;32m  OK  [0m] Started Create Static Device Nodes in /dev.
[[0;32m  OK  [0m] Started Load/Save Random Seed.
         Starting udev Kernel Device Manager...
[[0;32m  OK  [0m] Started Flush Journal to Persistent Storage.
[[0;32m  OK  [0m] Started udev Kernel Device Manager.
[[0;32m  OK  [0m] Started udev Coldplug all Devices.
[[0;32m  OK  [0m] Started Dispatch Password Requests to Console Directory Watch.
[[0;32m  OK  [0m] Found device /dev/ttyS0.
[[0;32m  OK  [0m] Listening on Load/Save RF Kill Switch Status /dev/rfkill Watch.
[[0;32m  OK  [0m] Started Monitoring of LVM2 mirrors,...ng dmeventd or progress polling.
[[0;32m  OK  [0m] Reached target Local File Systems (Pre).
[[0;32m  OK  [0m] Reached target Local File Systems.
         Starting LSB: AppArmor initialization...
         Starting Create Volatile Files and Directories...
         Starting Tell Plymouth To Write Out Runtime Data...
         Starting Commit a transient machine-id on disk...
         Starting Set console font and keymap...
         Starting Initial cloud-init job (pre-networking)...
[[0;32m  OK  [0m] Started Create Volatile Files and Directories.
[[0;32m  OK  [0m] Started Tell Plymouth To Write Out Runtime Data.
[[0;32m  OK  [0m] Started Commit a transient machine-id on disk.
         Starting Update UTMP about System Boot/Shutdown...
[[0;32m  OK  [0m] Started Update UTMP about System Boot/Shutdown.
[[0;32m  OK  [0m] Started Set console font and keymap.
[[0;32m  OK  [0m] Created slice system-getty.slice.
[[0;32m  OK  [0m] Started LSB: AppArmor initialization.
[    5.794233] cloud-init[620]: Cloud-init v. 19.4-33-gbb4131a2-0ubuntu1~16.04.1 running 'init-local' at Tue, 31 Mar 2020 21:19:58 +0000. Up 5.44 seconds.
[[0;32m  OK  [0m] Started Initial cloud-init job (pre-networking).
[[0;32m  OK  [0m] Reached target Network (Pre).
         Starting Raise network interfaces...
[[0;32m  OK  [0m] Started Raise network interfaces.
         Starting Initial cloud-init job (metadata service crawler)...
[[0;32m  OK  [0m] Reached target Network.
[    6.692561] cloud-init[939]: Cloud-init v. 19.4-33-gbb4131a2-0ubuntu1~16.04.1 running 'init' at Tue, 31 Mar 2020 21:19:59 +0000. Up 6.24 seconds.
[    6.694358] cloud-init[939]: ci-info: ++++++++++++++++++++++++++++++++++++++Net device info++++++++++++++++++++++++++++++++++++++
[    6.695858] cloud-init[939]: ci-info: +--------+------+----------------------------+---------------+--------+-------------------+
[    6.697505] cloud-init[939]: ci-info: | Device |  Up  |          Address           |      Mask     | Scope  |     Hw-Address    |
[    6.700305] cloud-init[939]: ci-info: +--------+------+----------------------------+---------------+--------+-------------------+
[    6.704705] cloud-init[939]: ci-info: | enp0s3 | True |         10.0.2.15          | 255.255.255.0 | global | 02:38:f8:91:fa:5a |
[    6.706301] cloud-init[939]: ci-info: | enp0s3 | True | fe80::38:f8ff:fe91:fa5a/64 |       .       |  link  | 02:38:f8:91:fa:5a |
[    6.712529] cloud-init[939]: ci-info: |   lo   | True |         127.0.0.1          |   255.0.0.0   |  host  |         .         |
[    6.720561] cloud-init[939]: ci-info: |   lo   | True |          ::1/128           |       .       |  host  |         .         |
[    6.721926] cloud-init[939]: ci-info: +--------+------+----------------------------+---------------+--------+-------------------+
[    6.723646] cloud-init[939]: ci-info: +++++++++++++++++++++++++++Route IPv4 info++++++++++++++++++++++++++++
[    6.725107] cloud-init[939]: ci-info: +-------+-------------+----------+---------------+-----------+-------+
[    6.726511] cloud-init[939]: ci-info: | Route | Destination | Gateway  |    Genmask    | Interface | Flags |
[    6.732703] cloud-init[939]: ci-info: +-------+-------------+----------+---------------+-----------+-------+
[    6.734166] cloud-init[939]: ci-info: |   0   |   0.0.0.0   | 10.0.2.2 |    0.0.0.0    |   enp0s3  |   UG  |
[    6.736408] cloud-init[939]: ci-info: |   1   |   10.0.2.0  | 0.0.0.0  | 255.255.255.0 |   enp0s3  |   U   |
[    6.740478] cloud-init[939]: ci-info: +-------+-------------+----------+---------------+-----------+-------+
[    6.741871] cloud-init[939]: ci-info: +++++++++++++++++++Route IPv6 info+++++++++++++++++++
[    6.744691] cloud-init[939]: ci-info: +-------+-------------+---------+-----------+-------+
[    6.748364] cloud-init[939]: ci-info: | Route | Destination | Gateway | Interface | Flags |
[    6.749653] cloud-init[939]: ci-info: +-------+-------------+---------+-----------+-------+
[    6.750975] cloud-init[939]: ci-info: |   0   |  fe80::/64  |    ::   |   enp0s3  |   U   |
[    6.752357] cloud-init[939]: ci-info: |   3   |   ff00::/8  |    ::   |   enp0s3  |   U   |
[    6.753659] cloud-init[939]: ci-info: +-------+-------------+---------+-----------+-------+
[    6.754981] cloud-init[939]: Generating public/private rsa key pair.
[    6.756166] cloud-init[939]: Your identification has been saved in /etc/ssh/ssh_host_rsa_key.
[    6.757640] cloud-init[939]: Your public key has been saved in /etc/ssh/ssh_host_rsa_key.pub.
[    6.759010] cloud-init[939]: The key fingerprint is:
[    6.760066] cloud-init[939]: SHA256:C8lra1b5BJsGYAQNuQ01tSg5gbdijmNlC2NfK0mrPMY root@ubuntu-xenial
[    6.761465] cloud-init[939]: The key's randomart image is:
[    6.762728] cloud-init[939]: +---[RSA 2048]----+
[    6.763918] cloud-init[939]: | .+B+..          |[[0;32m  OK  [0m] Started Initial cloud-init job (metadata service crawler).
[[0;32m  OK  [0m] Reached target Cloud-config availability.
[[0;32m  OK  [0m] Reached target System Initialization.
[[0;32m  OK  [0m] Listening on ACPID Listen Socket.
[[0;32m  OK  [0m] Started Message of the Day.
[[0;32m  OK  [0m] Listening on UUID daemon activation socket.
         Starting Socket activation for snappy daemon.
[[0;32m  OK  [0m] Started Daily Cleanup of Temporary Directories.

         Starting LXD - unix socket.
[[0;32m  OK  [0m] Listening on D-Bus System Message Bus Socket.
[[0;32m  OK  [0m] Started Daily apt download activities.
[[0;32m  OK  [0m] Started Daily apt upgrade and clean activities.
[[0;32m  OK  [0m] Reached target Timers.
[    6.769686] cloud-init[939]: |. +o+o .         |
[    6.773490] cloud-init[939]: | .+*...          |
[    6.785082] cloud-init[939]: |.=o*.o...        |
[    6.786894] cloud-init[939]: |=.B = =.S=       |
[    6.788657] cloud-init[939]: |oo * . o*..      |
[    6.789759] cloud-init[939]: |+.. . oo.o       |
[[0;32m  OK  [0m] Started ACPI Events Check.
[[0;32m  OK  [0m] Reached target Paths.
[[0;32m  OK  [0m] Reached target Network is Online.
[    6.803200] cloud-init[939]: | E   .o.  .      |
[    6.813034] cloud-init[939]: |. .  o.          |
[    6.824387]          Starting iSCSI initiator daemon (iscsid)...
[[0;32m  OK  [0m] Listening on Socket activation for snappy daemon.
[[0;32m  OK  [0m] Listening on LXD - unix socket.
[[0;32m  OK  [0m] Reached target Sockets.
[[0;32m  OK  [0m] Reached target Basic System.
cloud-init[939]:          Starting LSB: MD monitoring daemon...
+----[SHA256]-----+
         Starting Accounts Service...
[    6.833399]          Starting Pollinate to seed the pseudo random number generator...
cloud-init         Starting /etc/rc.local Compatibility...
[939]: Generating public/private dsa key pair.
[    6.835851] cloud-init[939]: Your identification has been saved in /etc/ssh/ssh_host_dsa_key.
[[0;32m  OK  [0m] Started ACPI event daemon.
[[0;32m  OK  [0m] Started Deferred execution scheduler.
[    6.839693]          Starting Snappy daemon...
[[0;32m  OK  [0m] Started D-Bus System Message Bus.
cloud-init[939]: Your public key has been saved in /etc/ssh/ssh_host_dsa_key.pub.
[    6.850401] cloud-init[939]: The key fingerprint is:
[    6.857041] cloud-init[939]: SHA256:bkW2ZxqidJ+Oys5FS+pBOTwgmwVoAYyMFRLty7zBjHM root@ubuntu-xenial
[    6.861964] cloud-init[939]: The key's randomart image is:
[    6.868046] cloud-init[939]: +---[DSA 1024]----+
[    6.870002] cloud-init[939]: |X*=.             |
[    6.873593] cloud-init[939]: |+=..             |
[    6.875402] cloud-init[939]: |... o     o      |
[    6.878855] cloud-init[939]: |  .= o . o .     |
[    6.880977] cloud-init[939]: | *o.  B S + o    |
[    6.883628] cloud-init[939]: |o E  o X = *     |         Starting System Logging Service...
[[0;32m  OK  [0m] Started Regular background program processing daemon.
         Starting LXD - container startup/shutdown...
         Starting Login Service...
[[0;32m  OK  [0m] Started FUSE filesystem for LXC.
         Starting Virtualbox guest utils...
         Starting LSB: Record successful boot for GRUB...
[[0;32m  OK  [0m] Started /etc/rc.local Compatibility.
[[0;32m  OK  [0m] Started iSCSI initiator daemon (iscsid).

[    6.928494] cloud-init[939]: | o o  + = +      |
[    6.937681]          Starting Login to default iSCSI targets...
         Starting Authenticate and Authorize Users to Run Privileged Tasks...
[[0;32m  OK  [0m] Started System Logging Service.
cloud-init[939]: [[0;32m  OK  [0m] Started Login Service.
|  .  + + o       |
[    6.952884] [[0;32m  OK  [0m] Started Unattended Upgrades Shutdown.
[[0;32m  OK  [0m] Started LSB: MD monitoring daemon.
cloud-init[939]: |     .*.. .      |
[    6.964817] cloud-init[939]: +----[SHA256]-----+
[    6.966132] cloud-init[939]: Generating public/private ecdsa key pair.
[    6.970574] cloud-init[939]: Your identification has been saved in /etc/ssh/ssh_host_ecdsa_key.
[    6.976282] [[0;32m  OK  [0m] Started Login to default iSCSI targets.
[[0;32m  OK  [0m] Reached target Remote File Systems (Pre).
[[0;32m  OK  [0m] Reached target Remote File Systems.
         Starting Permit User Sessions...
         Starting LSB: automatic crash report generation...
         Starting LSB: Set the CPU Frequency Scaling governor to "ondemand"...
         Starting LSB: daemon to balance interrupts for SMP systems...
cloud-init[939]: [[0;32m  OK  [0m] Started Permit User Sessions.
Your public key has been saved in /etc/ssh/ssh_host_ecdsa_key.pub.
[    7.008995] cloud-init[939]: The key fingerprint is:
         Starting Hold until boot process finishes up...
[    7.016439] cloud-init         Starting Terminate Plymouth Boot Screen...
[[0;32m  OK  [0m] Started LSB: Record successful boot for GRUB.
[[0;32m  OK  [0m] Started LSB: Set the CPU Frequency Scaling governor to "ondemand".
[[0;32m  OK  [0m] Started Hold until boot process finishes up.
[939]: SHA256:rgKXnJ/03JMqOacJbe77NJj+x7tHWY06ygwRDHPzscM root@ubuntu-xenial[[0;32m  OK  [0m] Started Authenticate and Authorize Users to Run Privileged Tasks.
[[0;32m  OK  [0m] Started Accounts Service.

         Starting Set console scheme...
[    7.029312] [[0;32m  OK  [0m] Started Serial Getty on ttyS0.
[[0;32m  OK  [0m] Started Getty on tty1.
[[0;32m  OK  [0m] Reached target Login Prompts.
cloud-init[[0;32m  OK  [0m] Started Set console scheme.
[939]: The key's randomart image is:[[0;32m  OK  [0m] Started Terminate Plymouth Boot Screen.

[[0;32m  OK  [0m] Started LSB: daemon to balance interrupts for SMP systems.
[    7.048577] cloud-init[[0;32m  OK  [0m] Started LSB: automatic crash report generation.
[939]: +---[ECDSA 256]---+
[    7.063012] cloud-init[939]: |      ooo .      |
[    7.064657] cloud-init[939]: |       oo+ o     |
[    7.076584] [[0;32m  OK  [0m] Started LXD - container startup/shutdown.
cloud-init[939]: |         .E    o |
[    7.078152] cloud-init[939]: |        .  .  o .|
[    7.084301] cloud-init[939]: |   . o  S.   +   |
[    7.084943] cloud-init[939]: |  . =..+.   =    |
[    7.092416] cloud-init[939]: |   o.o==+* + .   |
[    7.093245] cloud-init[939]: |    .=*++.X .    |
[    7.094389] cloud-init[939]: |     oOO+oo=     |
[    7.095278] cloud-init[939]: +----[SHA256]-----+
[    7.096449] cloud-init[939]: Generating public/private ed25519 key pair.
[    7.098095] cloud-init[939]: [[0;32m  OK  [0m] Started Virtualbox guest utils.
Your identification has been saved in /etc/ssh/ssh_host_ed25519_key.
[    7.101962] cloud-init[939]: Your public key has been saved in /etc/ssh/ssh_host_ed25519_key.pub.
[    7.106394] cloud-init[939]: The key fingerprint is:
[    7.111705] cloud-init[939]: SHA256:CBPjmCOH0IagOQBLLtrDo0suT2+LoikBdQGscabLzLc root@ubuntu-xenial
[    7.118360] cloud-init[939]: The key's randomart image is:
[    7.119713] cloud-init[939]: +--[ED25519 256]--+
[    7.124212] cloud-init[939]: |B=..+.           |
[    7.125514] cloud-init[939]: |O+B+.o           |
[    7.126578] cloud-init[939]: |OX=.+            |
[    7.129680] cloud-init[939]: |** . o .         |
[    7.136698] [[0;32m  OK  [0m] Started Snappy daemon.
cloud-init[939]: |*.=   . S        |
[    7.139771] cloud-init[939]: |o= +             |
[    7.140978] cloud-init[939]: |.oo .            |
[    7.141943] cloud-init[939]: |*+ E.            |
         Starting Wait until snapd is fully seeded...
[    7.154493] cloud-init[939]: |B+o.o.           |
[    7.155609] cloud-init[939]: +----[SHA256]-----+
[[0;32m  OK  [0m] Started Pollinate to seed the pseudo random number generator.
         Starting OpenBSD Secure Shell server...
[[0;32m  OK  [0m] Started OpenBSD Secure Shell server.
[[0;32m  OK  [0m] Started Wait until snapd is fully seeded.
[[0;32m  OK  [0m] Reached target Multi-User System.
[[0;32m  OK  [0m] Reached target Graphical Interface.
         Starting Update UTMP about System Runlevel Changes...
         Starting Apply the settings specified in cloud-config...
[[0;32m  OK  [0m] Started Update UTMP about System Runlevel Changes.
[    8.028255] cloud-init[1304]: Generating locales (this might take a while)...
[    8.689079] cloud-init[1304]:   en_US.UTF-8... done
[    8.696756] cloud-init[1304]: Generation complete.
[    8.905524] cloud-init[1304]: Cloud-init v. 19.4-33-gbb4131a2-0ubuntu1~16.04.1 running 'modules:config' at Tue, 31 Mar 2020 21:20:00 +0000. Up 7.95 seconds.
[[0;32m  OK  [0m] Started Apply the settings specified in cloud-config.
         Starting Execute cloud user/final scripts...
ci-info: no authorized SSH keys fingerprints found for user ubuntu.
<14>Mar 31 21:20:02 ec2: 
<14>Mar 31 21:20:02 ec2: #############################################################
<14>Mar 31 21:20:02 ec2: -----BEGIN SSH HOST KEY FINGERPRINTS-----
<14>Mar 31 21:20:02 ec2: 1024 SHA256:bkW2ZxqidJ+Oys5FS+pBOTwgmwVoAYyMFRLty7zBjHM root@ubuntu-xenial (DSA)
<14>Mar 31 21:20:02 ec2: 256 SHA256:rgKXnJ/03JMqOacJbe77NJj+x7tHWY06ygwRDHPzscM root@ubuntu-xenial (ECDSA)
<14>Mar 31 21:20:02 ec2: 256 SHA256:CBPjmCOH0IagOQBLLtrDo0suT2+LoikBdQGscabLzLc root@ubuntu-xenial (ED25519)
<14>Mar 31 21:20:02 ec2: 2048 SHA256:C8lra1b5BJsGYAQNuQ01tSg5gbdijmNlC2NfK0mrPMY root@ubuntu-xenial (RSA)
<14>Mar 31 21:20:02 ec2: -----END SSH HOST KEY FINGERPRINTS-----
<14>Mar 31 21:20:02 ec2: #############################################################
-----BEGIN SSH HOST KEY KEYS-----
ecdsa-sha2-nistp256 AAAAE2VjZHNhLXNoYTItbmlzdHAyNTYAAAAIbmlzdHAyNTYAAABBBFP18gbA1c0FLmsaZuow+Oq9GZgB8hGo0IiWHuomC+/m/ksyVSzZiwEoTEXM1AFgbAXHUI3PWddZq6/KfxUTzVo= root@ubuntu-xenial
ssh-ed25519 AAAAC3NzaC1lZDI1NTE5AAAAIJ3EI6LmE2FDOCVSP/k/A5yjvo9vHYTO5wMeOBtOiqdd root@ubuntu-xenial
ssh-rsa AAAAB3NzaC1yc2EAAAADAQABAAABAQDTY0eBS1brWTq8qJLvhX3OlfNtn3EASCGzoVRwlP/IZ4cJ3gbXxGwe5u0aVJfP79lHtazBAUH3SUM7i0AcyV0hDE1n9s/9BoXoJqDt1tG8G6xO04lIDBOAoCi+zWwlXUajr9gACdVdFMMrshfezvxwvPnzUF9cpKAS/J65mesQsdxFo8qXzLtU/B0X8JBR1TMgmJpKgLqXPI+ElGgyYlQC2WntPfoxGYhVDr/6yVunzxzzDeHllcx3TXQRA68pF2c8qErNhwCmDh5lvhhPRZHnQO2A4PiZU5/b3CTQiR1vhcd7ltAAYH1z+XVjfpKlmUMhtQ0QZWIBAyyIZS0QMKJd root@ubuntu-xenial
-----END SSH HOST KEY KEYS-----
[    9.275673] cloud-init[1342]: Cloud-init v. 19.4-33-gbb4131a2-0ubuntu1~16.04.1 running 'modules:final' at Tue, 31 Mar 2020 21:20:01 +0000. Up 9.15 seconds.
[    9.277520] cloud-init[1342]: ci-info: no authorized SSH keys fingerprints found for user ubuntu.
[    9.278887] cloud-init[1342]: Cloud-init v. 19.4-33-gbb4131a2-0ubuntu1~16.04.1 finished at Tue, 31 Mar 2020 21:20:02 +0000. Datasource DataSourceNoCloud [seed=/dev/sdb][dsmode=net].  Up 9.26 seconds
[[0;32m  OK  [0m] Started Execute cloud user/final scripts.
[[0;32m  OK  [0m] Reached target Cloud-init target.

Ubuntu 16.04.6 LTS ubuntu-xenial ttyS0

ubuntu-xenial login: 